# JRE version: Java(TM) SE Runtime Environment (17.0.12+8) (build 17.0.12+8-LTS-286)
# Java VM: Java HotSpot(TM) 64-Bit Server VM (17.0.12+8-LTS-286, mixed mode, sharing, tiered, compressed oops, compressed class ptrs, g1 gc, windows-amd64)
GC Precious Log:
 CPUs: 8 total, 8 available
 Memory: 7882M
 Large Page Support: Disabled
 NUMA Support: Disabled
 Compressed Oops: Enabled (32-bit)
 Heap Region Size: 1M
 Heap Min Capacity: 8M
 Heap Initial Capacity: 8M
 Heap Max Capacity: 1972M
 Pre-touch: Disabled
 Parallel Workers: 8
 Concurrent Workers: 2
 Concurrent Refinement Workers: 8
 Periodic GC: Disabled
Heap:
 garbage-first heap   total 11264K, used 4914K [0x0000000084c00000, 0x0000000100000000)
  region size 1024K, 3 young (3072K), 1 survivors (1024K)
 Metaspace       used 2810K, committed 3072K, reserved 1114112K
  class space    used 315K, committed 448K, reserved 1048576K
GC Heap History (16 events):
Event: 0.644 GC heap before
{Heap before GC invocations=0 (full 0):
 garbage-first heap   total 8192K, used 3072K [0x0000000084c00000, 0x0000000100000000)
  region size 1024K, 3 young (3072K), 0 survivors (0K)
 Metaspace       used 1597K, committed 1792K, reserved 1114112K
  class space    used 165K, committed 256K, reserved 1048576K
}
Event: 0.655 GC heap after
{Heap after GC invocations=1 (full 0):
 garbage-first heap   total 8192K, used 1120K [0x0000000084c00000, 0x0000000100000000)
  region size 1024K, 1 young (1024K), 1 survivors (1024K)
 Metaspace       used 1597K, committed 1792K, reserved 1114112K
  class space    used 165K, committed 256K, reserved 1048576K
}
Event: 1.761 GC heap before
{Heap before GC invocations=1 (full 0):
 garbage-first heap   total 8192K, used 2144K [0x0000000084c00000, 0x0000000100000000)
  region size 1024K, 2 young (2048K), 1 survivors (1024K)
 Metaspace       used 1866K, committed 1984K, reserved 1114112K
  class space    used 199K, committed 256K, reserved 1048576K
}
Event: 1.766 GC heap after
{Heap after GC invocations=2 (full 0):
 garbage-first heap   total 8192K, used 1566K [0x0000000084c00000, 0x0000000100000000)
  region size 1024K, 1 young (1024K), 1 survivors (1024K)
 Metaspace       used 1866K, committed 1984K, reserved 1114112K
  class space    used 199K, committed 256K, reserved 1048576K
}
Event: 1.863 GC heap before
{Heap before GC invocations=2 (full 0):
 garbage-first heap   total 8192K, used 2590K [0x0000000084c00000, 0x0000000100000000)
  region size 1024K, 2 young (2048K), 1 survivors (1024K)
 Metaspace       used 2001K, committed 2112K, reserved 1114112K
  class space    used 216K, committed 256K, reserved 1048576K
}
Event: 1.866 GC heap after
{Heap after GC invocations=3 (full 0):
 garbage-first heap   total 8192K, used 2406K [0x0000000084c00000, 0x0000000100000000)
  region size 1024K, 1 young (1024K), 1 survivors (1024K)
 Metaspace       used 2001K, committed 2112K, reserved 1114112K
  class space    used 216K, committed 256K, reserved 1048576K
}
Event: 1.946 GC heap before
{Heap before GC invocations=3 (full 0):
 garbage-first heap   total 8192K, used 3430K [0x0000000084c00000, 0x0000000100000000)
  region size 1024K, 2 young (2048K), 1 survivors (1024K)
 Metaspace       used 2189K, committed 2368K, reserved 1114112K
  class space    used 237K, committed 320K, reserved 1048576K
}
Event: 1.952 GC heap after
{Heap after GC invocations=4 (full 0):
 garbage-first heap   total 8192K, used 2940K [0x0000000084c00000, 0x0000000100000000)
  region size 1024K, 1 young (1024K), 1 survivors (1024K)
 Metaspace       used 2189K, committed 2368K, reserved 1114112K
  class space    used 237K, committed 320K, reserved 1048576K
}
Event: 2.092 GC heap before
{Heap before GC invocations=4 (full 0):
 garbage-first heap   total 8192K, used 3964K [0x0000000084c00000, 0x0000000100000000)
  region size 1024K, 2 young (2048K), 1 survivors (1024K)
 Metaspace       used 2304K, committed 2496K, reserved 1114112K
  class space    used 252K, committed 384K, reserved 1048576K
}
Event: 2.094 GC heap after
{Heap after GC invocations=5 (full 0):
 garbage-first heap   total 8192K, used 2980K [0x0000000084c00000, 0x0000000100000000)
  region size 1024K, 1 young (1024K), 1 survivors (1024K)
 Metaspace       used 2304K, committed 2496K, reserved 1114112K
  class space    used 252K, committed 384K, reserved 1048576K
}
Event: 2.153 GC heap before
{Heap before GC invocations=5 (full 0):
 garbage-first heap   total 8192K, used 4004K [0x0000000084c00000, 0x0000000100000000)
  region size 1024K, 2 young (2048K), 1 survivors (1024K)
 Metaspace       used 2481K, committed 2816K, reserved 1114112K
  class space    used 285K, committed 448K, reserved 1048576K
}
Event: 2.157 GC heap after
{Heap after GC invocations=6 (full 0):
 garbage-first heap   total 11264K, used 3052K [0x0000000084c00000, 0x0000000100000000)
  region size 1024K, 1 young (1024K), 1 survivors (1024K)
 Metaspace       used 2481K, committed 2816K, reserved 1114112K
  class space    used 285K, committed 448K, reserved 1048576K
}
Event: 2.278 GC heap before
{Heap before GC invocations=6 (full 0):
 garbage-first heap   total 11264K, used 5100K [0x0000000084c00000, 0x0000000100000000)
  region size 1024K, 3 young (3072K), 1 survivors (1024K)
 Metaspace       used 2611K, committed 2880K, reserved 1114112K
  class space    used 299K, committed 448K, reserved 1048576K
}
Event: 2.282 GC heap after
{Heap after GC invocations=7 (full 0):
 garbage-first heap   total 11264K, used 3207K [0x0000000084c00000, 0x0000000100000000)
  region size 1024K, 1 young (1024K), 1 survivors (1024K)
 Metaspace       used 2611K, committed 2880K, reserved 1114112K
  class space    used 299K, committed 448K, reserved 1048576K
}
Event: 2.412 GC heap before
{Heap before GC invocations=7 (full 0):
 garbage-first heap   total 11264K, used 5255K [0x0000000084c00000, 0x0000000100000000)
  region size 1024K, 3 young (3072K), 1 survivors (1024K)
 Metaspace       used 2701K, committed 3008K, reserved 1114112K
  class space    used 312K, committed 448K, reserved 1048576K
}
Event: 2.415 GC heap after
{Heap after GC invocations=8 (full 0):
 garbage-first heap   total 11264K, used 3890K [0x0000000084c00000, 0x0000000100000000)
  region size 1024K, 1 young (1024K), 1 survivors (1024K)
 Metaspace       used 2701K, committed 3008K, reserved 1114112K
  class space    used 312K, committed 448K, reserved 1048576K
}

