# JRE version: Java(TM) SE Runtime Environment (17.0.12+8) (build 17.0.12+8-LTS-286)
# Java VM: Java HotSpot(TM) 64-Bit Server VM (17.0.12+8-LTS-286, mixed mode, sharing, tiered, compressed oops, compressed class ptrs, g1 gc, windows-amd64)
GC Precious Log:
 CPUs: 8 total, 8 available
 Memory: 7882M
 Large Page Support: Disabled
 NUMA Support: Disabled
 Compressed Oops: Enabled (32-bit)
 Heap Region Size: 1M
 Heap Min Capacity: 8M
 Heap Initial Capacity: 124M
 Heap Max Capacity: 1972M
 Pre-touch: Disabled
 Parallel Workers: 8
 Concurrent Workers: 2
 Concurrent Refinement Workers: 8
 Periodic GC: Disabled
Heap:
 garbage-first heap   total 142336K, used 90513K [0x0000000084c00000, 0x0000000100000000)
  region size 1024K, 41 young (41984K), 6 survivors (6144K)
 Metaspace       used 63542K, committed 63936K, reserved 1114112K
  class space    used 7468K, committed 7680K, reserved 1048576K
GC Heap History (20 events):
Event: 2.984 GC heap before
{Heap before GC invocations=5 (full 0):
 garbage-first heap   total 65536K, used 19708K [0x0000000084c00000, 0x0000000100000000)
  region size 1024K, 5 young (5120K), 4 survivors (4096K)
 Metaspace       used 27799K, committed 28032K, reserved 1114112K
  class space    used 3713K, committed 3840K, reserved 1048576K
}
Event: 2.991 GC heap after
{Heap after GC invocations=6 (full 0):
 garbage-first heap   total 65536K, used 19190K [0x0000000084c00000, 0x0000000100000000)
  region size 1024K, 1 young (1024K), 1 survivors (1024K)
 Metaspace       used 27799K, committed 28032K, reserved 1114112K
  class space    used 3713K, committed 3840K, reserved 1048576K
}
Event: 3.802 GC heap before
{Heap before GC invocations=6 (full 0):
 garbage-first heap   total 65536K, used 46838K [0x0000000084c00000, 0x0000000100000000)
  region size 1024K, 28 young (28672K), 1 survivors (1024K)
 Metaspace       used 33451K, committed 33728K, reserved 1114112K
  class space    used 4219K, committed 4352K, reserved 1048576K
}
Event: 3.810 GC heap after
{Heap after GC invocations=7 (full 0):
 garbage-first heap   total 106496K, used 21038K [0x0000000084c00000, 0x0000000100000000)
  region size 1024K, 3 young (3072K), 3 survivors (3072K)
 Metaspace       used 33451K, committed 33728K, reserved 1114112K
  class space    used 4219K, committed 4352K, reserved 1048576K
}
Event: 4.270 GC heap before
{Heap before GC invocations=7 (full 0):
 garbage-first heap   total 106496K, used 30254K [0x0000000084c00000, 0x0000000100000000)
  region size 1024K, 13 young (13312K), 3 survivors (3072K)
 Metaspace       used 35846K, committed 36096K, reserved 1114112K
  class space    used 4481K, committed 4608K, reserved 1048576K
}
Event: 4.277 GC heap after
{Heap after GC invocations=8 (full 0):
 garbage-first heap   total 106496K, used 22121K [0x0000000084c00000, 0x0000000100000000)
  region size 1024K, 4 young (4096K), 4 survivors (4096K)
 Metaspace       used 35846K, committed 36096K, reserved 1114112K
  class space    used 4481K, committed 4608K, reserved 1048576K
}
Event: 5.787 GC heap before
{Heap before GC invocations=9 (full 0):
 garbage-first heap   total 78848K, used 67177K [0x0000000084c00000, 0x0000000100000000)
  region size 1024K, 46 young (47104K), 4 survivors (4096K)
 Metaspace       used 42605K, committed 42880K, reserved 1114112K
  class space    used 5259K, committed 5376K, reserved 1048576K
}
Event: 5.805 GC heap after
{Heap after GC invocations=10 (full 0):
 garbage-first heap   total 78848K, used 30224K [0x0000000084c00000, 0x0000000100000000)
  region size 1024K, 6 young (6144K), 6 survivors (6144K)
 Metaspace       used 42605K, committed 42880K, reserved 1114112K
  class space    used 5259K, committed 5376K, reserved 1048576K
}
Event: 5.836 GC heap before
{Heap before GC invocations=10 (full 0):
 garbage-first heap   total 78848K, used 31248K [0x0000000084c00000, 0x0000000100000000)
  region size 1024K, 7 young (7168K), 6 survivors (6144K)
 Metaspace       used 42847K, committed 43072K, reserved 1114112K
  class space    used 5278K, committed 5376K, reserved 1048576K
}
Event: 5.847 GC heap after
{Heap after GC invocations=11 (full 0):
 garbage-first heap   total 78848K, used 31236K [0x0000000084c00000, 0x0000000100000000)
  region size 1024K, 1 young (1024K), 1 survivors (1024K)
 Metaspace       used 42847K, committed 43072K, reserved 1114112K
  class space    used 5278K, committed 5376K, reserved 1048576K
}
Event: 6.211 GC heap before
{Heap before GC invocations=11 (full 0):
 garbage-first heap   total 78848K, used 60932K [0x0000000084c00000, 0x0000000100000000)
  region size 1024K, 29 young (29696K), 1 survivors (1024K)
 Metaspace       used 43992K, committed 44288K, reserved 1114112K
  class space    used 5412K, committed 5504K, reserved 1048576K
}
Event: 6.216 GC heap after
{Heap after GC invocations=12 (full 0):
 garbage-first heap   total 78848K, used 31901K [0x0000000084c00000, 0x0000000100000000)
  region size 1024K, 2 young (2048K), 2 survivors (2048K)
 Metaspace       used 43992K, committed 44288K, reserved 1114112K
  class space    used 5412K, committed 5504K, reserved 1048576K
}
Event: 7.342 GC heap before
{Heap before GC invocations=12 (full 0):
 garbage-first heap   total 78848K, used 60573K [0x0000000084c00000, 0x0000000100000000)
  region size 1024K, 30 young (30720K), 2 survivors (2048K)
 Metaspace       used 47176K, committed 47424K, reserved 1114112K
  class space    used 5795K, committed 5888K, reserved 1048576K
}
Event: 7.356 GC heap after
{Heap after GC invocations=13 (full 0):
 garbage-first heap   total 78848K, used 35082K [0x0000000084c00000, 0x0000000100000000)
  region size 1024K, 4 young (4096K), 4 survivors (4096K)
 Metaspace       used 47176K, committed 47424K, reserved 1114112K
  class space    used 5795K, committed 5888K, reserved 1048576K
}
Event: 8.213 GC heap before
{Heap before GC invocations=13 (full 0):
 garbage-first heap   total 78848K, used 59658K [0x0000000084c00000, 0x0000000100000000)
  region size 1024K, 29 young (29696K), 4 survivors (4096K)
 Metaspace       used 48384K, committed 48640K, reserved 1114112K
  class space    used 5840K, committed 5952K, reserved 1048576K
}
Event: 8.229 GC heap after
{Heap after GC invocations=14 (full 0):
 garbage-first heap   total 142336K, used 40103K [0x0000000084c00000, 0x0000000100000000)
  region size 1024K, 4 young (4096K), 4 survivors (4096K)
 Metaspace       used 48384K, committed 48640K, reserved 1114112K
  class space    used 5840K, committed 5952K, reserved 1048576K
}
Event: 12.159 GC heap before
{Heap before GC invocations=14 (full 0):
 garbage-first heap   total 142336K, used 101543K [0x0000000084c00000, 0x0000000100000000)
  region size 1024K, 64 young (65536K), 4 survivors (4096K)
 Metaspace       used 54879K, committed 55232K, reserved 1114112K
  class space    used 6653K, committed 6848K, reserved 1048576K
}
Event: 12.191 GC heap after
{Heap after GC invocations=15 (full 0):
 garbage-first heap   total 142336K, used 49656K [0x0000000084c00000, 0x0000000100000000)
  region size 1024K, 8 young (8192K), 8 survivors (8192K)
 Metaspace       used 54879K, committed 55232K, reserved 1114112K
  class space    used 6653K, committed 6848K, reserved 1048576K
}
Event: 13.990 GC heap before
{Heap before GC invocations=15 (full 0):
 garbage-first heap   total 142336K, used 88568K [0x0000000084c00000, 0x0000000100000000)
  region size 1024K, 47 young (48128K), 8 survivors (8192K)
 Metaspace       used 60054K, committed 60416K, reserved 1114112K
  class space    used 7148K, committed 7360K, reserved 1048576K
}
Event: 14.013 GC heap after
{Heap after GC invocations=16 (full 0):
 garbage-first heap   total 142336K, used 55697K [0x0000000084c00000, 0x0000000100000000)
  region size 1024K, 6 young (6144K), 6 survivors (6144K)
 Metaspace       used 60054K, committed 60416K, reserved 1114112K
  class space    used 7148K, committed 7360K, reserved 1048576K
}

