# JRE version: Java(TM) SE Runtime Environment (17.0.12+8) (build 17.0.12+8-LTS-286)
# Java VM: Java HotSpot(TM) 64-Bit Server VM (17.0.12+8-LTS-286, mixed mode, sharing, tiered, compressed oops, compressed class ptrs, g1 gc, windows-amd64)
GC Precious Log:
 CPUs: 8 total, 8 available
 Memory: 7882M
 Large Page Support: Disabled
 NUMA Support: Disabled
 Compressed Oops: Enabled (32-bit)
 Heap Region Size: 1M
 Heap Min Capacity: 8M
 Heap Initial Capacity: 124M
 Heap Max Capacity: 2G
 Pre-touch: Disabled
 Parallel Workers: 8
 Concurrent Workers: 2
 Concurrent Refinement Workers: 8
 Periodic GC: Disabled
Heap:
 garbage-first heap   total 418816K, used 340301K [0x0000000080000000, 0x0000000100000000)
  region size 1024K, 5 young (5120K), 5 survivors (5120K)
 Metaspace       used 111712K, committed 112768K, reserved 1179648K
  class space    used 15737K, committed 16256K, reserved 1048576K
GC Heap History (20 events):
Event: 54.120 GC heap after
{Heap after GC invocations=51 (full 0):
 garbage-first heap   total 418816K, used 177316K [0x0000000080000000, 0x0000000100000000)
  region size 1024K, 2 young (2048K), 2 survivors (2048K)
 Metaspace       used 103167K, committed 104192K, reserved 1179648K
  class space    used 14390K, committed 14912K, reserved 1048576K
}
Event: 58.687 GC heap before
{Heap before GC invocations=51 (full 0):
 garbage-first heap   total 418816K, used 328868K [0x0000000080000000, 0x0000000100000000)
  region size 1024K, 147 young (150528K), 2 survivors (2048K)
 Metaspace       used 105987K, committed 107008K, reserved 1179648K
  class space    used 14974K, committed 15488K, reserved 1048576K
}
Event: 58.824 GC heap after
{Heap after GC invocations=52 (full 0):
 garbage-first heap   total 418816K, used 240594K [0x0000000080000000, 0x0000000100000000)
  region size 1024K, 19 young (19456K), 19 survivors (19456K)
 Metaspace       used 105987K, committed 107008K, reserved 1179648K
  class space    used 14974K, committed 15488K, reserved 1048576K
}
Event: 59.901 GC heap before
{Heap before GC invocations=52 (full 0):
 garbage-first heap   total 418816K, used 315346K [0x0000000080000000, 0x0000000100000000)
  region size 1024K, 93 young (95232K), 19 survivors (19456K)
 Metaspace       used 106005K, committed 107008K, reserved 1179648K
  class space    used 14974K, committed 15488K, reserved 1048576K
}
Event: 60.114 GC heap after
{Heap after GC invocations=53 (full 0):
 garbage-first heap   total 418816K, used 280780K [0x0000000080000000, 0x0000000100000000)
  region size 1024K, 12 young (12288K), 12 survivors (12288K)
 Metaspace       used 106005K, committed 107008K, reserved 1179648K
  class space    used 14974K, committed 15488K, reserved 1048576K
}
Event: 62.103 GC heap before
{Heap before GC invocations=53 (full 0):
 garbage-first heap   total 418816K, used 326860K [0x0000000080000000, 0x0000000100000000)
  region size 1024K, 58 young (59392K), 12 survivors (12288K)
 Metaspace       used 109334K, committed 110336K, reserved 1179648K
  class space    used 15423K, committed 15936K, reserved 1048576K
}
Event: 62.184 GC heap after
{Heap after GC invocations=54 (full 0):
 garbage-first heap   total 418816K, used 289613K [0x0000000080000000, 0x0000000100000000)
  region size 1024K, 7 young (7168K), 7 survivors (7168K)
 Metaspace       used 109334K, committed 110336K, reserved 1179648K
  class space    used 15423K, committed 15936K, reserved 1048576K
}
Event: 63.362 GC heap before
{Heap before GC invocations=54 (full 0):
 garbage-first heap   total 418816K, used 333645K [0x0000000080000000, 0x0000000100000000)
  region size 1024K, 51 young (52224K), 7 survivors (7168K)
 Metaspace       used 110451K, committed 111424K, reserved 1179648K
  class space    used 15587K, committed 16064K, reserved 1048576K
}
Event: 63.380 GC heap after
{Heap after GC invocations=55 (full 0):
 garbage-first heap   total 418816K, used 295596K [0x0000000080000000, 0x0000000100000000)
  region size 1024K, 7 young (7168K), 7 survivors (7168K)
 Metaspace       used 110451K, committed 111424K, reserved 1179648K
  class space    used 15587K, committed 16064K, reserved 1048576K
}
Event: 64.557 GC heap before
{Heap before GC invocations=55 (full 0):
 garbage-first heap   total 418816K, used 340652K [0x0000000080000000, 0x0000000100000000)
  region size 1024K, 51 young (52224K), 7 survivors (7168K)
 Metaspace       used 111021K, committed 111936K, reserved 1179648K
  class space    used 15661K, committed 16128K, reserved 1048576K
}
Event: 64.580 GC heap after
{Heap after GC invocations=56 (full 0):
 garbage-first heap   total 418816K, used 300728K [0x0000000080000000, 0x0000000100000000)
  region size 1024K, 7 young (7168K), 7 survivors (7168K)
 Metaspace       used 111021K, committed 111936K, reserved 1179648K
  class space    used 15661K, committed 16128K, reserved 1048576K
}
Event: 65.714 GC heap before
{Heap before GC invocations=56 (full 0):
 garbage-first heap   total 418816K, used 345784K [0x0000000080000000, 0x0000000100000000)
  region size 1024K, 50 young (51200K), 7 survivors (7168K)
 Metaspace       used 111308K, committed 112320K, reserved 1179648K
  class space    used 15693K, committed 16192K, reserved 1048576K
}
Event: 65.734 GC heap after
{Heap after GC invocations=57 (full 0):
 garbage-first heap   total 418816K, used 303436K [0x0000000080000000, 0x0000000100000000)
  region size 1024K, 2 young (2048K), 2 survivors (2048K)
 Metaspace       used 111308K, committed 112320K, reserved 1179648K
  class space    used 15693K, committed 16192K, reserved 1048576K
}
Event: 66.988 GC heap before
{Heap before GC invocations=57 (full 0):
 garbage-first heap   total 418816K, used 355660K [0x0000000080000000, 0x0000000100000000)
  region size 1024K, 47 young (48128K), 2 survivors (2048K)
 Metaspace       used 111317K, committed 112320K, reserved 1179648K
  class space    used 15693K, committed 16192K, reserved 1048576K
}
Event: 67.017 GC heap after
{Heap after GC invocations=58 (full 0):
 garbage-first heap   total 418816K, used 311527K [0x0000000080000000, 0x0000000100000000)
  region size 1024K, 4 young (4096K), 4 survivors (4096K)
 Metaspace       used 111317K, committed 112320K, reserved 1179648K
  class space    used 15693K, committed 16192K, reserved 1048576K
}
Event: 68.896 GC heap before
{Heap before GC invocations=58 (full 0):
 garbage-first heap   total 418816K, used 367847K [0x0000000080000000, 0x0000000100000000)
  region size 1024K, 46 young (47104K), 4 survivors (4096K)
 Metaspace       used 111540K, committed 112512K, reserved 1179648K
  class space    used 15720K, committed 16192K, reserved 1048576K
}
Event: 68.923 GC heap after
{Heap after GC invocations=59 (full 0):
 garbage-first heap   total 418816K, used 324539K [0x0000000080000000, 0x0000000100000000)
  region size 1024K, 6 young (6144K), 6 survivors (6144K)
 Metaspace       used 111540K, committed 112512K, reserved 1179648K
  class space    used 15720K, committed 16192K, reserved 1048576K
}
Event: 69.869 GC heap before
{Heap before GC invocations=59 (full 0):
 garbage-first heap   total 418816K, used 364475K [0x0000000080000000, 0x0000000100000000)
  region size 1024K, 41 young (41984K), 6 survivors (6144K)
 Metaspace       used 111678K, committed 112704K, reserved 1179648K
  class space    used 15733K, committed 16256K, reserved 1048576K
}
Event: 69.902 GC heap after
{Heap after GC invocations=60 (full 0):
 garbage-first heap   total 418816K, used 333400K [0x0000000080000000, 0x0000000100000000)
  region size 1024K, 6 young (6144K), 6 survivors (6144K)
 Metaspace       used 111678K, committed 112704K, reserved 1179648K
  class space    used 15733K, committed 16256K, reserved 1048576K
}
Event: 70.970 GC heap before
{Heap before GC invocations=60 (full 0):
 garbage-first heap   total 418816K, used 365144K [0x0000000080000000, 0x0000000100000000)
  region size 1024K, 35 young (35840K), 6 survivors (6144K)
 Metaspace       used 111712K, committed 112768K, reserved 1179648K
  class space    used 15737K, committed 16256K, reserved 1048576K
}

